<?xml version="1.0" encoding="utf-8"?>
<test-run id="0" testcasecount="15" result="Passed" total="15" passed="15" failed="0" inconclusive="0" skipped="0" asserts="15" portable-engine-version="3.3.0.0" start-time="2017-02-23 23:52:12Z" end-time="2017-02-23 23:52:12Z" duration="0.151000">
  <test-suite type="Assembly" id="1018" name="Potter.Tests, Version=1.0.0.0, Culture=neutral, PublicKeyToken=null" fullname="Potter.Tests, Version=1.0.0.0, Culture=neutral, PublicKeyToken=null" runstate="Runnable" testcasecount="15" result="Passed" start-time="2017-02-23 23:52:12Z" end-time="2017-02-23 23:52:12Z" duration="0.060303" total="15" passed="15" failed="0" inconclusive="0" skipped="0" asserts="15">
    <settings>
      <setting name="WorkDirectory" value="C:\Users\josad\Exile\Source\CodeKata\PotterKata" />
    </settings>
    <test-suite type="TestSuite" id="1019" name="Potter" fullname="Potter" runstate="Runnable" testcasecount="15" result="Passed" start-time="2017-02-23 23:52:12Z" end-time="2017-02-23 23:52:12Z" duration="0.054746" total="15" passed="15" failed="0" inconclusive="0" skipped="0" asserts="15">
      <test-suite type="TestSuite" id="1020" name="Tests" fullname="Potter.Tests" runstate="Runnable" testcasecount="15" result="Passed" start-time="2017-02-23 23:52:12Z" end-time="2017-02-23 23:52:12Z" duration="0.054600" total="15" passed="15" failed="0" inconclusive="0" skipped="0" asserts="15">
        <test-suite type="TestFixture" id="1000" name="PotterTests" fullname="Potter.Tests.PotterTests" classname="Potter.Tests.PotterTests" runstate="Runnable" testcasecount="15" result="Passed" start-time="2017-02-23 23:52:12Z" end-time="2017-02-23 23:52:12Z" duration="0.053018" total="15" passed="15" failed="0" inconclusive="0" skipped="0" asserts="15">
          <test-suite type="ParameterizedMethod" id="1017" name="Check_book_prices_with_discounts" fullname="Potter.Tests.PotterTests.Check_book_prices_with_discounts" classname="Potter.Tests.PotterTests" runstate="Runnable" testcasecount="5" result="Passed" start-time="2017-02-23 23:52:12Z" end-time="2017-02-23 23:52:12Z" duration="0.047525" total="5" passed="5" failed="0" inconclusive="0" skipped="0" asserts="5">
            <test-case id="1012" name="Check_book_prices_with_discounts(System.Int32[],15.2d)" fullname="Potter.Tests.PotterTests.Check_book_prices_with_discounts(System.Int32[],15.2d)" methodname="Check_book_prices_with_discounts" classname="Potter.Tests.PotterTests" runstate="Runnable" seed="1162029216" result="Passed" start-time="2017-02-23 23:52:12Z" end-time="2017-02-23 23:52:12Z" duration="0.024241" asserts="1" />
            <test-case id="1013" name="Check_book_prices_with_discounts(System.Int32[],21.6d)" fullname="Potter.Tests.PotterTests.Check_book_prices_with_discounts(System.Int32[],21.6d)" methodname="Check_book_prices_with_discounts" classname="Potter.Tests.PotterTests" runstate="Runnable" seed="222047580" result="Passed" start-time="2017-02-23 23:52:12Z" end-time="2017-02-23 23:52:12Z" duration="0.000055" asserts="1" />
            <test-case id="1014" name="Check_book_prices_with_discounts(System.Int32[],25.6d)" fullname="Potter.Tests.PotterTests.Check_book_prices_with_discounts(System.Int32[],25.6d)" methodname="Check_book_prices_with_discounts" classname="Potter.Tests.PotterTests" runstate="Runnable" seed="2132035166" result="Passed" start-time="2017-02-23 23:52:12Z" end-time="2017-02-23 23:52:12Z" duration="0.000030" asserts="1" />
            <test-case id="1015" name="Check_book_prices_with_discounts(System.Int32[],30)" fullname="Potter.Tests.PotterTests.Check_book_prices_with_discounts(System.Int32[],30)" methodname="Check_book_prices_with_discounts" classname="Potter.Tests.PotterTests" runstate="Runnable" seed="2016113832" result="Passed" start-time="2017-02-23 23:52:12Z" end-time="2017-02-23 23:52:12Z" duration="0.000029" asserts="1" />
            <test-case id="1016" name="Check_book_prices_with_discounts(System.Int32[],39.9d)" fullname="Potter.Tests.PotterTests.Check_book_prices_with_discounts(System.Int32[],39.9d)" methodname="Check_book_prices_with_discounts" classname="Potter.Tests.PotterTests" runstate="Runnable" seed="78367232" result="Passed" start-time="2017-02-23 23:52:12Z" end-time="2017-02-23 23:52:12Z" duration="0.000058" asserts="1" />
          </test-suite>
          <test-suite type="ParameterizedMethod" id="1011" name="Check_book_prices_without_discounts" fullname="Potter.Tests.PotterTests.Check_book_prices_without_discounts" classname="Potter.Tests.PotterTests" runstate="Runnable" testcasecount="10" result="Passed" start-time="2017-02-23 23:52:12Z" end-time="2017-02-23 23:52:12Z" duration="0.003446" total="10" passed="10" failed="0" inconclusive="0" skipped="0" asserts="10">
            <test-case id="1001" name="Check_book_prices_without_discounts(System.Int32[],8)" fullname="Potter.Tests.PotterTests.Check_book_prices_without_discounts(System.Int32[],8)" methodname="Check_book_prices_without_discounts" classname="Potter.Tests.PotterTests" runstate="Runnable" seed="566744978" result="Passed" start-time="2017-02-23 23:52:12Z" end-time="2017-02-23 23:52:12Z" duration="0.000180" asserts="1" />
            <test-case id="1002" name="Check_book_prices_without_discounts(System.Int32[],8)" fullname="Potter.Tests.PotterTests.Check_book_prices_without_discounts(System.Int32[],8)" methodname="Check_book_prices_without_discounts" classname="Potter.Tests.PotterTests" runstate="Runnable" seed="1250791648" result="Passed" start-time="2017-02-23 23:52:12Z" end-time="2017-02-23 23:52:12Z" duration="0.000047" asserts="1" />
            <test-case id="1003" name="Check_book_prices_without_discounts(System.Int32[],8)" fullname="Potter.Tests.PotterTests.Check_book_prices_without_discounts(System.Int32[],8)" methodname="Check_book_prices_without_discounts" classname="Potter.Tests.PotterTests" runstate="Runnable" seed="1508501506" result="Passed" start-time="2017-02-23 23:52:12Z" end-time="2017-02-23 23:52:12Z" duration="0.000045" asserts="1" />
            <test-case id="1004" name="Check_book_prices_without_discounts(System.Int32[],8)" fullname="Potter.Tests.PotterTests.Check_book_prices_without_discounts(System.Int32[],8)" methodname="Check_book_prices_without_discounts" classname="Potter.Tests.PotterTests" runstate="Runnable" seed="2145511238" result="Passed" start-time="2017-02-23 23:52:12Z" end-time="2017-02-23 23:52:12Z" duration="0.000043" asserts="1" />
            <test-case id="1005" name="Check_book_prices_without_discounts(System.Int32[],8)" fullname="Potter.Tests.PotterTests.Check_book_prices_without_discounts(System.Int32[],8)" methodname="Check_book_prices_without_discounts" classname="Potter.Tests.PotterTests" runstate="Runnable" seed="1892420570" result="Passed" start-time="2017-02-23 23:52:12Z" end-time="2017-02-23 23:52:12Z" duration="0.000040" asserts="1" />
            <test-case id="1006" name="Check_book_prices_without_discounts(System.Int32[],16)" fullname="Potter.Tests.PotterTests.Check_book_prices_without_discounts(System.Int32[],16)" methodname="Check_book_prices_without_discounts" classname="Potter.Tests.PotterTests" runstate="Runnable" seed="1337762018" result="Passed" start-time="2017-02-23 23:52:12Z" end-time="2017-02-23 23:52:12Z" duration="0.000043" asserts="1" />
            <test-case id="1007" name="Check_book_prices_without_discounts(System.Int32[],16)" fullname="Potter.Tests.PotterTests.Check_book_prices_without_discounts(System.Int32[],16)" methodname="Check_book_prices_without_discounts" classname="Potter.Tests.PotterTests" runstate="Runnable" seed="327296443" result="Passed" start-time="2017-02-23 23:52:12Z" end-time="2017-02-23 23:52:12Z" duration="0.000044" asserts="1" />
            <test-case id="1008" name="Check_book_prices_without_discounts(System.Int32[],16)" fullname="Potter.Tests.PotterTests.Check_book_prices_without_discounts(System.Int32[],16)" methodname="Check_book_prices_without_discounts" classname="Potter.Tests.PotterTests" runstate="Runnable" seed="1713077110" result="Passed" start-time="2017-02-23 23:52:12Z" end-time="2017-02-23 23:52:12Z" duration="0.000045" asserts="1" />
            <test-case id="1009" name="Check_book_prices_without_discounts(System.Int32[],16)" fullname="Potter.Tests.PotterTests.Check_book_prices_without_discounts(System.Int32[],16)" methodname="Check_book_prices_without_discounts" classname="Potter.Tests.PotterTests" runstate="Runnable" seed="400604447" result="Passed" start-time="2017-02-23 23:52:12Z" end-time="2017-02-23 23:52:12Z" duration="0.000042" asserts="1" />
            <test-case id="1010" name="Check_book_prices_without_discounts(System.Int32[],16)" fullname="Potter.Tests.PotterTests.Check_book_prices_without_discounts(System.Int32[],16)" methodname="Check_book_prices_without_discounts" classname="Potter.Tests.PotterTests" runstate="Runnable" seed="323585375" result="Passed" start-time="2017-02-23 23:52:12Z" end-time="2017-02-23 23:52:12Z" duration="0.000043" asserts="1" />
          </test-suite>
        </test-suite>
      </test-suite>
    </test-suite>
  </test-suite>
</test-run>